xrun: 18.09-s011: (c) Copyright 1995-2019 Cadence Design Systems, Inc.
TOOL:	xrun	18.09-s011: Started on Oct 23, 2025 at 14:36:52 CDT
xrun
	shifter.v
	shifter_tb.v
Recompiling... reason: file './shifter_tb.v' is newer than expected.
	expected: Thu Oct 23 14:17:12 2025
	actual:   Thu Oct 23 14:36:48 2025
file: shifter_tb.v
	module worklib.tb_shifter:v
		errors: 0, warnings: 0
		Caching library 'worklib' ....... Done
	Elaborating the design hierarchy:
	Top level design units:
		tb_shifter
	Building instance overlay tables: .................... Done
	Generating native compiled code:
		worklib.tb_shifter:v <0x1014a3d8>
			streams:   4, words:  3561
	Building instance specific data structures.
	Loading native compiled code:     .................... Done
	Design hierarchy summary:
		                 Instances  Unique
		Modules:                 2       2
		Registers:              46      46
		Vectored wires:          4       -
		Always blocks:           1       1
		Initial blocks:          3       3
		Simulation timescale:  1ps
	Writing initial simulation snapshot: worklib.tb_shifter:v
Loading snapshot worklib.tb_shifter:v .................... Done
xcelium> source /vol/cadence2018/XCELIUM1809/tools/xcelium/files/xmsimrc
xcelium> run
Original: Din=1001011101010011 --> 38739
----------------------------------
Case : [000] Output : Dout=1011101010011100 --> 47772
Case : [001] Output : Dout=0111001011101010 --> 29418
Case : [010] Output : Dout=1011101010011000 --> 47768
Case : [011] Output : Dout=0001001011101010 --> 4842
Case : [100] Output : Dout=1011101010011000 --> 47768
Case : [101] Output : Dout=1111001011101010 --> 62186
Simulation complete via $finish(1) at time 6 NS + 0
./shifter_tb.v:32         $finish;
xcelium> exit
TOOL:	xrun	18.09-s011: Exiting on Oct 23, 2025 at 14:36:53 CDT  (total: 00:00:01)
