xrun(64): 18.09-s011: (c) Copyright 1995-2019 Cadence Design Systems, Inc.
TOOL:	xrun(64)	18.09-s011: Started on Dec 01, 2025 at 08:05:51 CST
xrun
	-64bit
	-gui
	-access r
	tb_counter_compare.v

-------------------------------------
Relinquished control to SimVision...
xcelium> 
xcelium> source /vol/cadence2018/XCELIUM1809/tools/xcelium/files/xmsimrc
xcelium> database -open waves -into waves.shm -default
Created default SHM database waves
xcelium> probe -create -shm tb_counter_compare.CLK tb_counter_compare.CLR tb_counter_compare.S_L_comb tb_counter_compare.S_L_reg
Created probe 1
xcelium> run
========================================
Counter Comparison Testbench
p11_6: Combinational decoder (S_L updates immediately)
p11_7: Registered decoder (S_L updates 1 cycle after Q)
========================================
Time  CLK CLR  Q_comb  S_L_comb    Q_reg  S_L_reg
----  --- ---  ------  --------    ------  --------
 6000   1   1   01111111   11111111
16000   1   0   10111111   01111111
26000   1   0   11011111   10111111
36000   1   0   11101111   11011111
46000   1   0   11110111   11101111
56000   1   0   11111011   11110111
66000   1   0   11111101   11111011
76000   1   0   11111110   11111101
86000   1   0   01111111   11111110
96000   1   0   10111111   01111111
106000   1   0   11011111   10111111
116000   1   0   11101111   11011111
126000   1   0   11110111   11101111
136000   1   0   11111011   11110111
146000   1   0   11111101   11111011
156000   1   0   11111110   11111101
166000   1   0   01111111   11111110
176000   1   0   10111111   01111111
186000   1   0   11011111   10111111
196000   1   0   11101111   11011111
206000   1   0   11110111   11101111
216000   1   0   11111011   11110111
226000   1   0   11111101   11111011
236000   1   0   11111110   11111101
246000   1   0   01111111   11111110
256000   1   0   10111111   01111111
266000   1   0   11011111   10111111
276000   1   0   11101111   11011111
286000   1   0   11110111   11101111
296000   1   0   11111011   11110111
306000   1   0   11111101   11111011
316000   1   0   11111110   11111101
326000   1   0   01111111   11111110
336000   1   0   10111111   01111111
346000   1   0   11011111   10111111
356000   1   0   11101111   11011111
366000   1   0   11110111   11101111
376000   1   0   11111011   11110111
386000   1   0   11111101   11111011
396000   1   0   11111110   11111101
406000   1   0   01111111   11111110
416000   1   1   01111111   01111111
426000   1   0   10111111   01111111
436000   1   0   11011111   10111111
446000   1   0   11101111   11011111
456000   1   0   11110111   11101111
466000   1   0   11111011   11110111
476000   1   0   11111101   11111011
486000   1   0   11111110   11111101
496000   1   0   01111111   11111110
506000   1   0   10111111   01111111
516000   1   0   11011111   10111111

========================================
Simulation complete
========================================
Simulation complete via $finish(1) at time 525 NS + 0
./tb_counter_compare.v:72         $finish;
xcelium> ...Regained control from SimVision
-------------------------------------

xcelium> TOOL:	xrun(64)	18.09-s011: Exiting on Dec 01, 2025 at 09:37:41 CST  (total: 01:31:50)
