xrun(64): 18.09-s011: (c) Copyright 1995-2019 Cadence Design Systems, Inc.
TOOL:	xrun(64)	18.09-s011: Started on Oct 23, 2025 at 20:08:39 CDT
xrun
	-64bit
	-gui
	-access r
	alu_conv.v
	alu_conv_test.v
DEFINE analogLib $CDSHOME/tools/dfII/etc/cdslib/artist/analogLib
|
xrun: *W,DLCPTH (./cds.lib,1): cds.lib Invalid path '/vol/cadence/IC615/tools/dfII/etc/cdslib/artist/analogLib' (cds.lib command ignored).
DEFINE US_8ths   $CDSHOME/tools/dfII/etc/cdslib/sheets/US_8ths
|
xrun: *W,DLCPTH (./cds.lib,2): cds.lib Invalid path '/vol/cadence/IC615/tools/dfII/etc/cdslib/sheets/US_8ths' (cds.lib command ignored).
DEFINE basic     $CDSHOME/tools/dfII/etc/cdslib/basic
|
xrun: *W,DLCPTH (./cds.lib,3): cds.lib Invalid path '/vol/cadence/IC615/tools/dfII/etc/cdslib/basic' (cds.lib command ignored).
DEFINE cdsDefTechLib $CDSHOME/tools/dfII/etc/cdsDefTechLib
|
xrun: *W,DLCPTH (./cds.lib,4): cds.lib Invalid path '/vol/cadence/IC615/tools/dfII/etc/cdsDefTechLib' (cds.lib command ignored).
DEFINE analogLib $CDSHOME/tools/dfII/etc/cdslib/artist/analogLib
|
xrun: *W,DLCPTH (./cds.lib,1): cds.lib Invalid path '/vol/cadence/IC615/tools/dfII/etc/cdslib/artist/analogLib' (cds.lib command ignored).
DEFINE US_8ths   $CDSHOME/tools/dfII/etc/cdslib/sheets/US_8ths
|
xrun: *W,DLCPTH (./cds.lib,2): cds.lib Invalid path '/vol/cadence/IC615/tools/dfII/etc/cdslib/sheets/US_8ths' (cds.lib command ignored).
DEFINE basic     $CDSHOME/tools/dfII/etc/cdslib/basic
|
xrun: *W,DLCPTH (./cds.lib,3): cds.lib Invalid path '/vol/cadence/IC615/tools/dfII/etc/cdslib/basic' (cds.lib command ignored).
DEFINE cdsDefTechLib $CDSHOME/tools/dfII/etc/cdsDefTechLib
|
xrun: *W,DLCPTH (./cds.lib,4): cds.lib Invalid path '/vol/cadence/IC615/tools/dfII/etc/cdsDefTechLib' (cds.lib command ignored).
DEFINE analogLib $CDSHOME/tools/dfII/etc/cdslib/artist/analogLib
|
xrun: *W,DLCPTH (./cds.lib,1): cds.lib Invalid path '/vol/cadence/IC615/tools/dfII/etc/cdslib/artist/analogLib' (cds.lib command ignored).
DEFINE US_8ths   $CDSHOME/tools/dfII/etc/cdslib/sheets/US_8ths
|
xrun: *W,DLCPTH (./cds.lib,2): cds.lib Invalid path '/vol/cadence/IC615/tools/dfII/etc/cdslib/sheets/US_8ths' (cds.lib command ignored).
DEFINE basic     $CDSHOME/tools/dfII/etc/cdslib/basic
|
xrun: *W,DLCPTH (./cds.lib,3): cds.lib Invalid path '/vol/cadence/IC615/tools/dfII/etc/cdslib/basic' (cds.lib command ignored).
DEFINE cdsDefTechLib $CDSHOME/tools/dfII/etc/cdsDefTechLib
|
xrun: *W,DLCPTH (./cds.lib,4): cds.lib Invalid path '/vol/cadence/IC615/tools/dfII/etc/cdsDefTechLib' (cds.lib command ignored).
DEFINE analogLib $CDSHOME/tools/dfII/etc/cdslib/artist/analogLib
|
xrun: *W,DLCPTH (./cds.lib,1): cds.lib Invalid path '/vol/cadence/IC615/tools/dfII/etc/cdslib/artist/analogLib' (cds.lib command ignored).
DEFINE US_8ths   $CDSHOME/tools/dfII/etc/cdslib/sheets/US_8ths
|
xrun: *W,DLCPTH (./cds.lib,2): cds.lib Invalid path '/vol/cadence/IC615/tools/dfII/etc/cdslib/sheets/US_8ths' (cds.lib command ignored).
DEFINE basic     $CDSHOME/tools/dfII/etc/cdslib/basic
|
xrun: *W,DLCPTH (./cds.lib,3): cds.lib Invalid path '/vol/cadence/IC615/tools/dfII/etc/cdslib/basic' (cds.lib command ignored).
DEFINE cdsDefTechLib $CDSHOME/tools/dfII/etc/cdsDefTechLib
|
xrun: *W,DLCPTH (./cds.lib,4): cds.lib Invalid path '/vol/cadence/IC615/tools/dfII/etc/cdsDefTechLib' (cds.lib command ignored).
DEFINE analogLib $CDSHOME/tools/dfII/etc/cdslib/artist/analogLib
|
xrun: *W,DLCPTH (./cds.lib,1): cds.lib Invalid path '/vol/cadence/IC615/tools/dfII/etc/cdslib/artist/analogLib' (cds.lib command ignored).
DEFINE US_8ths   $CDSHOME/tools/dfII/etc/cdslib/sheets/US_8ths
|
xrun: *W,DLCPTH (./cds.lib,2): cds.lib Invalid path '/vol/cadence/IC615/tools/dfII/etc/cdslib/sheets/US_8ths' (cds.lib command ignored).
DEFINE basic     $CDSHOME/tools/dfII/etc/cdslib/basic
|
xrun: *W,DLCPTH (./cds.lib,3): cds.lib Invalid path '/vol/cadence/IC615/tools/dfII/etc/cdslib/basic' (cds.lib command ignored).
DEFINE cdsDefTechLib $CDSHOME/tools/dfII/etc/cdsDefTechLib
|
xrun: *W,DLCPTH (./cds.lib,4): cds.lib Invalid path '/vol/cadence/IC615/tools/dfII/etc/cdsDefTechLib' (cds.lib command ignored).
DEFINE analogLib $CDSHOME/tools/dfII/etc/cdslib/artist/analogLib
|
xrun: *W,DLCPTH (./cds.lib,1): cds.lib Invalid path '/vol/cadence/IC615/tools/dfII/etc/cdslib/artist/analogLib' (cds.lib command ignored).
DEFINE US_8ths   $CDSHOME/tools/dfII/etc/cdslib/sheets/US_8ths
|
xrun: *W,DLCPTH (./cds.lib,2): cds.lib Invalid path '/vol/cadence/IC615/tools/dfII/etc/cdslib/sheets/US_8ths' (cds.lib command ignored).
DEFINE basic     $CDSHOME/tools/dfII/etc/cdslib/basic
|
xrun: *W,DLCPTH (./cds.lib,3): cds.lib Invalid path '/vol/cadence/IC615/tools/dfII/etc/cdslib/basic' (cds.lib command ignored).
DEFINE cdsDefTechLib $CDSHOME/tools/dfII/etc/cdsDefTechLib
|
xrun: *W,DLCPTH (./cds.lib,4): cds.lib Invalid path '/vol/cadence/IC615/tools/dfII/etc/cdsDefTechLib' (cds.lib command ignored).
DEFINE analogLib $CDSHOME/tools/dfII/etc/cdslib/artist/analogLib
|
xmsim: *W,DLCPTH (./cds.lib,1): cds.lib Invalid path '/vol/cadence/IC615/tools/dfII/etc/cdslib/artist/analogLib' (cds.lib command ignored).
DEFINE US_8ths   $CDSHOME/tools/dfII/etc/cdslib/sheets/US_8ths
|
xmsim: *W,DLCPTH (./cds.lib,2): cds.lib Invalid path '/vol/cadence/IC615/tools/dfII/etc/cdslib/sheets/US_8ths' (cds.lib command ignored).
DEFINE basic     $CDSHOME/tools/dfII/etc/cdslib/basic
|
xmsim: *W,DLCPTH (./cds.lib,3): cds.lib Invalid path '/vol/cadence/IC615/tools/dfII/etc/cdslib/basic' (cds.lib command ignored).
DEFINE cdsDefTechLib $CDSHOME/tools/dfII/etc/cdsDefTechLib
|
xmsim: *W,DLCPTH (./cds.lib,4): cds.lib Invalid path '/vol/cadence/IC615/tools/dfII/etc/cdsDefTechLib' (cds.lib command ignored).

-------------------------------------
Relinquished control to SimVision...
xcelium> 
xcelium> source /vol/cadence2018/XCELIUM1809/tools/xcelium/files/xmsimrc
xcelium> ^C
xcelium> exit
TOOL:	xrun(64)	18.09-s011: Exiting on Oct 23, 2025 at 20:18:00 CDT  (total: 00:09:21)
