============================================================
  Generated by:           Genus(TM) Synthesis Solution 18.14-s037_1
  Generated on:           Oct 15 2025  08:06:15 pm
  Module:                 alu_conv
  Operating conditions:   typical 
  Interconnect mode:      global
  Area mode:              physical library
============================================================


Path 1: MET (376 ps) Path Delay Check
     Startpoint: (F) a_sel
       Endpoint: (F) out[7]

                   Capture    Launch  
      Path Delay:+    1000         -  
      Drv Adjust:+       0         0  
         Arrival:=    1000            
                                      
   Required Time:=    1000            
       Data Path:-     624            
           Slack:=     376            

Exceptions/Constraints:
  max_delay             1000            alu_conv.sdc_line_16 

#------------------------------------------------------------------------------------------
#  Timing Point    Flags    Arc   Edge   Cell     Fanout Load Trans Delay Arrival Instance 
#                                                        (fF)  (ps)  (ps)   (ps)  Location 
#------------------------------------------------------------------------------------------
  a_sel            -       -      F     (arrival)      1  1.0     0     0       0    (-,-) 
  drc_buf_sp5304/Z -       A->Z   F     CLKBUF_X1      8 15.9    39    64      64    (-,-) 
  g4998__7675/Z    -       S->Z   R     MUX2_X1        5 10.9    29    86     150    (-,-) 
  g4908__1786/CO   -       A->CO  R     HA_X1          3  5.7    17    47     197    (-,-) 
  g4897__1840/ZN   -       A->ZN  F     OAI21_X1       1  1.8    14    21     218    (-,-) 
  g4891__7118/ZN   -       A->ZN  R     OAI21_X1       3  5.7    37    32     251    (-,-) 
  g4876__1857/ZN   -       A->ZN  F     OAI21_X1       1  1.8    16    25     276    (-,-) 
  g4873__6083/ZN   -       A->ZN  R     OAI21_X1       2  3.9    29    29     305    (-,-) 
  g4863__8757/ZN   -       A->ZN  F     OAI21_X1       1  1.8    12    23     328    (-,-) 
  g4859__4547/ZN   -       A->ZN  R     OAI21_X1       3  5.6    36    31     359    (-,-) 
  g4852__5019/ZN   -       A->ZN  F     OAI21_X1       1  1.8    12    25     384    (-,-) 
  g4849__2703/ZN   -       A->ZN  R     OAI21_X1       2  3.8    28    26     410    (-,-) 
  g4847/ZN         -       A->ZN  F     INV_X1         2  3.4    10    14     424    (-,-) 
  g4841__5703/ZN   -       A1->ZN R     OAI22_X1       3  5.7    49    48     472    (-,-) 
  g4836__7675/ZN   -       A->ZN  F     OAI21_X1       1  1.8    13    27     499    (-,-) 
  g4833__2683/ZN   -       A->ZN  R     OAI21_X1       2  3.8    28    27     526    (-,-) 
  g4829__4547/ZN   -       A1->ZN F     NOR2_X1        1  1.8     8    11     537    (-,-) 
  g4825__4296/ZN   -       B->ZN  R     AOI211_X1      1  2.0    39    65     603    (-,-) 
  g4823__8780/ZN   -       A->ZN  F     OAI21_X1       1  0.4    10    21     624    (-,-) 
  out[7]           <<<     -      F     (port)         -    -     -     0     624    (-,-) 
#------------------------------------------------------------------------------------------

